<?xml version="1.0" encoding="UTF-8"?>
<testsuite xmlns:xsi="http://www.w3.org/2001/XMLSchema-instance" xsi:noNamespaceSchemaLocation="https://maven.apache.org/surefire/maven-surefire-plugin/xsd/surefire-test-report-3.0.xsd" version="3.0" name="com.xdc5.libmng.ControllerTests" time="3.987" tests="2" errors="0" skipped="0" failures="0">
  <properties>
[...]
</properties>
  <testcase name="test" classname="com.xdc5.libmng.ControllerTests" time="0.356">
    <system-out><![CDATA[00:37:50.979 [main] DEBUG org.springframework.test.context.BootstrapUtils - Instantiating CacheAwareContextLoaderDelegate from class [org.springframework.test.context.cache.DefaultCacheAwareContextLoaderDelegate]
00:37:50.985 [main] DEBUG org.springframework.test.context.BootstrapUtils - Instantiating BootstrapContext using constructor [public org.springframework.test.context.support.DefaultBootstrapContext(java.lang.Class,org.springframework.test.context.CacheAwareContextLoaderDelegate)]
00:37:51.009 [main] DEBUG org.springframework.test.context.BootstrapUtils - Instantiating TestContextBootstrapper for test class [com.xdc5.libmng.ControllerTests] from class [org.springframework.boot.test.context.SpringBootTestContextBootstrapper]
00:37:51.018 [main] INFO org.springframework.boot.test.context.SpringBootTestContextBootstrapper - Neither @ContextConfiguration nor @ContextHierarchy found for test class [com.xdc5.libmng.ControllerTests], using SpringBootContextLoader
00:37:51.021 [main] DEBUG org.springframework.test.context.support.AbstractContextLoader - Did not detect default resource location for test class [com.xdc5.libmng.ControllerTests]: class path resource [com/xdc5/libmng/ControllerTests-context.xml] does not exist
00:37:51.022 [main] DEBUG org.springframework.test.context.support.AbstractContextLoader - Did not detect default resource location for test class [com.xdc5.libmng.ControllerTests]: class path resource [com/xdc5/libmng/ControllerTestsContext.groovy] does not exist
00:37:51.022 [main] INFO org.springframework.test.context.support.AbstractContextLoader - Could not detect default resource locations for test class [com.xdc5.libmng.ControllerTests]: no resource found for suffixes {-context.xml, Context.groovy}.
00:37:51.023 [main] INFO org.springframework.test.context.support.AnnotationConfigContextLoaderUtils - Could not detect default configuration classes for test class [com.xdc5.libmng.ControllerTests]: ControllerTests does not declare any static, non-private, non-final, nested classes annotated with @Configuration.
00:37:51.055 [main] DEBUG org.springframework.test.context.support.ActiveProfilesUtils - Could not find an 'annotation declaring class' for annotation type [org.springframework.test.context.ActiveProfiles] and class [com.xdc5.libmng.ControllerTests]
00:37:51.109 [main] DEBUG org.springframework.context.annotation.ClassPathScanningCandidateComponentProvider - Identified candidate component class: file [H:\github\LibMng\target\classes\com\xdc5\libmng\LibMngApplication.class]
00:37:51.110 [main] INFO org.springframework.boot.test.context.SpringBootTestContextBootstrapper - Found @SpringBootConfiguration com.xdc5.libmng.LibMngApplication for test class com.xdc5.libmng.ControllerTests
00:37:51.194 [main] DEBUG org.springframework.boot.test.context.SpringBootTestContextBootstrapper - @TestExecutionListeners is not present for class [com.xdc5.libmng.ControllerTests]: using defaults.
00:37:51.194 [main] INFO org.springframework.boot.test.context.SpringBootTestContextBootstrapper - Loaded default TestExecutionListener class names from location [META-INF/spring.factories]: [org.springframework.boot.test.mock.mockito.MockitoTestExecutionListener, org.springframework.boot.test.mock.mockito.ResetMocksTestExecutionListener, org.springframework.boot.test.autoconfigure.restdocs.RestDocsTestExecutionListener, org.springframework.boot.test.autoconfigure.web.client.MockRestServiceServerResetTestExecutionListener, org.springframework.boot.test.autoconfigure.web.servlet.MockMvcPrintOnlyOnFailureTestExecutionListener, org.springframework.boot.test.autoconfigure.web.servlet.WebDriverTestExecutionListener, org.springframework.boot.test.autoconfigure.webservices.client.MockWebServiceServerTestExecutionListener, org.springframework.test.context.web.ServletTestExecutionListener, org.springframework.test.context.support.DirtiesContextBeforeModesTestExecutionListener, org.springframework.test.context.event.ApplicationEventsTestExecutionListener, org.springframework.test.context.support.DependencyInjectionTestExecutionListener, org.springframework.test.context.support.DirtiesContextTestExecutionListener, org.springframework.test.context.transaction.TransactionalTestExecutionListener, org.springframework.test.context.jdbc.SqlScriptsTestExecutionListener, org.springframework.test.context.event.EventPublishingTestExecutionListener]
00:37:51.208 [main] INFO org.springframework.boot.test.context.SpringBootTestContextBootstrapper - Using TestExecutionListeners: [org.springframework.test.context.web.ServletTestExecutionListener@4fc5e095, org.springframework.test.context.support.DirtiesContextBeforeModesTestExecutionListener@435871cb, org.springframework.test.context.event.ApplicationEventsTestExecutionListener@609640d5, org.springframework.boot.test.mock.mockito.MockitoTestExecutionListener@79da1ec0, org.springframework.boot.test.autoconfigure.SpringBootDependencyInjectionTestExecutionListener@19fb8826, org.springframework.test.context.support.DirtiesContextTestExecutionListener@192d74fb, org.springframework.test.context.transaction.TransactionalTestExecutionListener@4bef0fe3, org.springframework.test.context.jdbc.SqlScriptsTestExecutionListener@62ea3440, org.springframework.test.context.event.EventPublishingTestExecutionListener@27953a83, org.springframework.boot.test.mock.mockito.ResetMocksTestExecutionListener@556d0826, org.springframework.boot.test.autoconfigure.restdocs.RestDocsTestExecutionListener@66ce957f, org.springframework.boot.test.autoconfigure.web.client.MockRestServiceServerResetTestExecutionListener@55b5f5d2, org.springframework.boot.test.autoconfigure.web.servlet.MockMvcPrintOnlyOnFailureTestExecutionListener@5bfa8cc5, org.springframework.boot.test.autoconfigure.web.servlet.WebDriverTestExecutionListener@666b83a4, org.springframework.boot.test.autoconfigure.webservices.client.MockWebServiceServerTestExecutionListener@749c877b]
00:37:51.214 [main] DEBUG org.springframework.test.context.support.AbstractDirtiesContextTestExecutionListener - Before test class: context [DefaultTestContext@388ba540 testClass = ControllerTests, testInstance = [null], testMethod = [null], testException = [null], mergedContextConfiguration = [WebMergedContextConfiguration@47605f2f testClass = ControllerTests, locations = '{}', classes = '{class com.xdc5.libmng.LibMngApplication}', contextInitializerClasses = '[]', activeProfiles = '{}', propertySourceLocations = '{}', propertySourceProperties = '{org.springframework.boot.test.context.SpringBootTestContextBootstrapper=true}', contextCustomizers = set[org.springframework.boot.test.context.filter.ExcludeFilterContextCustomizer@436c81a3, org.springframework.boot.test.json.DuplicateJsonObjectContextCustomizerFactory$DuplicateJsonObjectContextCustomizer@7c214cc0, org.springframework.boot.test.mock.mockito.MockitoContextCustomizer@0, org.springframework.boot.test.web.client.TestRestTemplateContextCustomizer@8e50104, org.springframework.boot.test.autoconfigure.actuate.metrics.MetricsExportContextCustomizerFactory$DisableMetricExportContextCustomizer@6c2ed0cd, org.springframework.boot.test.autoconfigure.properties.PropertyMappingContextCustomizer@0, org.springframework.boot.test.autoconfigure.web.servlet.WebDriverContextCustomizerFactory$Customizer@291f18, org.springframework.boot.test.context.SpringBootTestArgs@1, org.springframework.boot.test.context.SpringBootTestWebEnvironment@459e9125], resourceBasePath = 'src/main/webapp', contextLoader = 'org.springframework.boot.test.context.SpringBootContextLoader', parent = [null]], attributes = map['org.springframework.test.context.web.ServletTestExecutionListener.activateListener' -> true]], class annotated with @DirtiesContext [false] with mode [null].

  .   ____          _            __ _ _
 /\\ / ___'_ __ _ _(_)_ __  __ _ \ \ \ \
( ( )\___ | '_ | '_| | '_ \/ _` | \ \ \ \
 \\/  ___)| |_)| | | | | || (_| |  ) ) ) )
  '  |____| .__|_| |_|_| |_\__, | / / / /
 =========|_|==============|___/=/_/_/_/
 :: Spring Boot ::               (v2.6.13)

2024-07-23 00:37:51.499  INFO 26832 --- [           main] com.xdc5.libmng.ControllerTests          : Starting ControllerTests using Java 11.0.21 on CNCS-天才少年 with PID 26832 (started by Administrator in H:\github\LibMng)
2024-07-23 00:37:51.501  INFO 26832 --- [           main] com.xdc5.libmng.ControllerTests          : No active profile set, falling back to 1 default profile: "default"
Logging initialized using 'class org.apache.ibatis.logging.stdout.StdOutImpl' adapter.
Parsed mapper file: 'file [H:\github\LibMng\target\classes\mapper\BillMapper.xml]'
Parsed mapper file: 'file [H:\github\LibMng\target\classes\mapper\BookDetailMapper.xml]'
Parsed mapper file: 'file [H:\github\LibMng\target\classes\mapper\BookInfoMapper.xml]'
Parsed mapper file: 'file [H:\github\LibMng\target\classes\mapper\BookInstanceMapper.xml]'
Parsed mapper file: 'file [H:\github\LibMng\target\classes\mapper\BorrowingMapper.xml]'
Parsed mapper file: 'file [H:\github\LibMng\target\classes\mapper\PenaltyDetailMapper.xml]'
Parsed mapper file: 'file [H:\github\LibMng\target\classes\mapper\PenaltyMapper.xml]'
Parsed mapper file: 'file [H:\github\LibMng\target\classes\mapper\ReservationMapper.xml]'
Parsed mapper file: 'file [H:\github\LibMng\target\classes\mapper\UserMapper.xml]'
2024-07-23 00:37:53.085  INFO 26832 --- [           main] o.s.b.a.w.s.WelcomePageHandlerMapping    : Adding welcome page: class path resource [static/index.html]
2024-07-23 00:37:53.364  INFO 26832 --- [           main] com.xdc5.libmng.ControllerTests          : Started ControllerTests in 2.116 seconds (JVM running for 2.891)
controller test here
]]></system-out>
  </testcase>
  <testcase name="testBorrowingInfo" classname="com.xdc5.libmng.ControllerTests" time="1.164">
    <system-out><![CDATA[Creating a new SqlSession
SqlSession [org.apache.ibatis.session.defaults.DefaultSqlSession@3866c96e] was not registered for synchronization because synchronization is not active
2024-07-23 00:37:53.792  INFO 26832 --- [           main] com.zaxxer.hikari.HikariDataSource       : HikariPool-1 - Starting...
2024-07-23 00:37:54.773  INFO 26832 --- [           main] com.zaxxer.hikari.HikariDataSource       : HikariPool-1 - Start completed.
JDBC Connection [HikariProxyConnection@1423314849 wrapping com.mysql.cj.jdbc.ConnectionImpl@1cb849b2] will not be managed by Spring
==>  Preparing: SELECT instanceId FROM BookInstance WHERE isbn=?
==> Parameters: 978-3-16-148410-0(String)
<==      Total: 0
Closing non transactional SqlSession [org.apache.ibatis.session.defaults.DefaultSqlSession@3866c96e]
Code: 400
Message: Fail: borrowing info is null or empty
Data: null
]]></system-out>
  </testcase>
</testsuite>